<?xml version="1.0" encoding="UTF-8"?>
<testsuite xmlns:xsi="http://www.w3.org/2001/XMLSchema-instance" xsi:noNamespaceSchemaLocation="https://maven.apache.org/surefire/maven-surefire-plugin/xsd/surefire-test-report.xsd" version="3.0.2" name="com.tinah_tunner.skin.care.profile.SkinCareProfileApplicationTests" time="16.729" tests="1" errors="0" skipped="0" failures="0" flakes="0">
  <properties>
[...]
</properties>
  <testcase name="contextLoads" classname="com.tinah_tunner.skin.care.profile.SkinCareProfileApplicationTests" time="6.981">
    <system-out><![CDATA[Standard Commons Logging discovery in action with spring-jcl: please remove commons-logging.jar from classpath in order to avoid potential conflicts
11:52:55.223 [main] INFO org.springframework.test.context.support.AnnotationConfigContextLoaderUtils -- Could not detect default configuration classes for test class [com.tinah_tunner.skin.care.profile.SkinCareProfileApplicationTests]: SkinCareProfileApplicationTests does not declare any static, non-private, non-final, nested classes annotated with @Configuration.
11:52:55.408 [main] INFO org.springframework.boot.test.context.SpringBootTestContextBootstrapper -- Found @SpringBootConfiguration com.tinah_tunner.skin.care.profile.SkinCareProfileApplication for test class com.tinah_tunner.skin.care.profile.SkinCareProfileApplicationTests

  .   ____          _            __ _ _
 /\\ / ___'_ __ _ _(_)_ __  __ _ \ \ \ \
( ( )\___ | '_ | '_| | '_ \/ _` | \ \ \ \
 \\/  ___)| |_)| | | | | || (_| |  ) ) ) )
  '  |____| .__|_| |_|_| |_\__, | / / / /
 =========|_|==============|___/=/_/_/_/

 :: Spring Boot ::               (v3.5.14)

2026-05-06T11:52:56.467+02:00  INFO 33900 --- [skin-care-profile] [           main] .t.s.c.p.SkinCareProfileApplicationTests : Starting SkinCareProfileApplicationTests using Java 21.0.10 with PID 33900 (started by FMTALI-35 in c:\Users\FMTALI-35\Downloads\skin care profile\skin-care-profile)
2026-05-06T11:52:56.471+02:00  INFO 33900 --- [skin-care-profile] [           main] .t.s.c.p.SkinCareProfileApplicationTests : No active profile set, falling back to 1 default profile: "default"
2026-05-06T11:52:58.286+02:00  INFO 33900 --- [skin-care-profile] [           main] .s.d.r.c.RepositoryConfigurationDelegate : Bootstrapping Spring Data JPA repositories in DEFAULT mode.
2026-05-06T11:52:58.398+02:00  INFO 33900 --- [skin-care-profile] [           main] .s.d.r.c.RepositoryConfigurationDelegate : Finished Spring Data repository scanning in 95 ms. Found 1 JPA repository interface.
2026-05-06T11:52:59.403+02:00  INFO 33900 --- [skin-care-profile] [           main] com.zaxxer.hikari.HikariDataSource       : HikariPool-1 - Starting...
2026-05-06T11:52:59.790+02:00  INFO 33900 --- [skin-care-profile] [           main] com.zaxxer.hikari.pool.HikariPool        : HikariPool-1 - Added connection conn0: url=jdbc:h2:mem:f9f7f2f4-6e3c-4388-8668-728dbbfa69b0 user=SA
2026-05-06T11:52:59.793+02:00  INFO 33900 --- [skin-care-profile] [           main] com.zaxxer.hikari.HikariDataSource       : HikariPool-1 - Start completed.
2026-05-06T11:52:59.895+02:00  INFO 33900 --- [skin-care-profile] [           main] o.hibernate.jpa.internal.util.LogHelper  : HHH000204: Processing PersistenceUnitInfo [name: default]
2026-05-06T11:53:00.039+02:00  INFO 33900 --- [skin-care-profile] [           main] org.hibernate.Version                    : HHH000412: Hibernate ORM core version 6.6.49.Final
2026-05-06T11:53:00.107+02:00  INFO 33900 --- [skin-care-profile] [           main] o.h.c.internal.RegionFactoryInitiator    : HHH000026: Second-level cache disabled
2026-05-06T11:53:00.910+02:00  INFO 33900 --- [skin-care-profile] [           main] o.s.o.j.p.SpringPersistenceUnitInfo      : No LoadTimeWeaver setup: ignoring JPA class transformer
2026-05-06T11:53:01.039+02:00  INFO 33900 --- [skin-care-profile] [           main] org.hibernate.orm.connections.pooling    : HHH10001005: Database info:
	Database JDBC URL [Connecting through datasource 'HikariDataSource (HikariPool-1)']
	Database driver: undefined/unknown
	Database version: 2.3.232
	Autocommit mode: undefined/unknown
	Isolation level: undefined/unknown
	Minimum pool size: undefined/unknown
	Maximum pool size: undefined/unknown
2026-05-06T11:53:02.531+02:00  INFO 33900 --- [skin-care-profile] [           main] o.h.e.t.j.p.i.JtaPlatformInitiator       : HHH000489: No JTA platform available (set 'hibernate.transaction.jta.platform' to enable JTA platform integration)
2026-05-06T11:53:02.586+02:00  INFO 33900 --- [skin-care-profile] [           main] j.LocalContainerEntityManagerFactoryBean : Initialized JPA EntityManagerFactory for persistence unit 'default'
Firebase service account key is empty; skipping Firebase initialization.
2026-05-06T11:53:03.161+02:00  WARN 33900 --- [skin-care-profile] [           main] JpaBaseConfiguration$JpaWebConfiguration : spring.jpa.open-in-view is enabled by default. Therefore, database queries may be performed during view rendering. Explicitly configure spring.jpa.open-in-view to disable this warning
2026-05-06T11:53:04.389+02:00  INFO 33900 --- [skin-care-profile] [           main] o.s.b.a.e.web.EndpointLinksResolver      : Exposing 1 endpoint beneath base path '/actuator'
2026-05-06T11:53:04.501+02:00  INFO 33900 --- [skin-care-profile] [           main] .t.s.c.p.SkinCareProfileApplicationTests : Started SkinCareProfileApplicationTests in 8.674 seconds (process running for 10.402)
]]></system-out>
    <system-err><![CDATA[Mockito is currently self-attaching to enable the inline-mock-maker. This will no longer work in future releases of the JDK. Please add Mockito as an agent to your build as described in Mockito's documentation: https://javadoc.io/doc/org.mockito/mockito-core/latest/org.mockito/org/mockito/Mockito.html#0.3
WARNING: A Java agent has been loaded dynamically (C:\Users\FMTALI-35\.m2\repository\net\bytebuddy\byte-buddy-agent\1.17.8\byte-buddy-agent-1.17.8.jar)
WARNING: If a serviceability tool is in use, please run with -XX:+EnableDynamicAgentLoading to hide this warning
WARNING: If a serviceability tool is not in use, please run with -Djdk.instrument.traceUsage for more information
WARNING: Dynamic loading of agents will be disallowed by default in a future release
]]></system-err>
  </testcase>
</testsuite>